<?xml version="1.0" encoding="utf-8"?><testsuites name="pytest tests"><testsuite name="pytest" errors="0" failures="0" skipped="0" tests="20" time="14.544" timestamp="2026-04-23T01:25:21.587438+00:00" hostname="agent-env-1103368f-d605-409f-af86-18980243275a"><testcase classname="backend.tests.test_bi_endpoints.TestHealth" name="test_health_ok" time="0.945" /><testcase classname="backend.tests.test_bi_endpoints.TestDevices" name="test_devices_list" time="0.878" /><testcase classname="backend.tests.test_bi_endpoints.TestKpis" name="test_kpis_default" time="0.656" /><testcase classname="backend.tests.test_bi_endpoints.TestKpis" name="test_kpis_filter_device" time="1.340" /><testcase classname="backend.tests.test_bi_endpoints.TestKpis" name="test_kpis_filter_date" time="0.686" /><testcase classname="backend.tests.test_bi_endpoints.TestTimeseries" name="test_timeseries_granularity[day]" time="0.657" /><testcase classname="backend.tests.test_bi_endpoints.TestTimeseries" name="test_timeseries_granularity[week]" time="0.681" /><testcase classname="backend.tests.test_bi_endpoints.TestTimeseries" name="test_timeseries_granularity[month]" time="0.694" /><testcase classname="backend.tests.test_bi_endpoints.TestTimeseries" name="test_timeseries_invalid" time="0.648" /><testcase classname="backend.tests.test_bi_endpoints.TestTopRoutes" name="test_top_routes_valid_coords" time="0.657" /><testcase classname="backend.tests.test_bi_endpoints.TestHistogram" name="test_histogram_valid_metrics[distancia_km]" time="0.654" /><testcase classname="backend.tests.test_bi_endpoints.TestHistogram" name="test_histogram_valid_metrics[duracion_min]" time="0.653" /><testcase classname="backend.tests.test_bi_endpoints.TestHistogram" name="test_histogram_valid_metrics[velocidad]" time="0.652" /><testcase classname="backend.tests.test_bi_endpoints.TestHistogram" name="test_histogram_invalid_metric" time="0.647" /><testcase classname="backend.tests.test_bi_endpoints.TestHeatmap" name="test_heatmap_default" time="0.668" /><testcase classname="backend.tests.test_bi_endpoints.TestHeatmap" name="test_heatmap_sample_too_low" time="0.655" /><testcase classname="backend.tests.test_bi_endpoints.TestAnomalies" name="test_anomalies_default" time="0.673" /><testcase classname="backend.tests.test_bi_endpoints.TestDeviceRanking" name="test_ranking" time="0.669" /><testcase classname="backend.tests.test_bi_endpoints.TestRoute" name="test_route_existing" time="0.654" /><testcase classname="backend.tests.test_bi_endpoints.TestRoute" name="test_route_not_found" time="0.650" /></testsuite></testsuites>